  menu.c
d:\문서\github\flya-c-project-\flya\menu.c(18): warning C4996: 'scanf': This function or variable may be unsafe. Consider using scanf_s instead. To disable deprecation, use _CRT_SECURE_NO_WARNINGS. See online help for details.
  c:\program files (x86)\windows kits\10\include\10.0.10240.0\ucrt\stdio.h(1270): note: 'scanf' 선언을 참조하십시오.
d:\문서\github\flya-c-project-\flya\menu.c(40): warning C4996: 'scanf': This function or variable may be unsafe. Consider using scanf_s instead. To disable deprecation, use _CRT_SECURE_NO_WARNINGS. See online help for details.
  c:\program files (x86)\windows kits\10\include\10.0.10240.0\ucrt\stdio.h(1270): note: 'scanf' 선언을 참조하십시오.
d:\문서\github\flya-c-project-\flya\menu.c(59): warning C4013: 'getch'이(가) 정의되지 않았습니다. extern은 int형을 반환하는 것으로 간주합니다.
d:\문서\github\flya-c-project-\flya\menu.c(68): warning C4018: '<': signed 또는 unsigned가 일치하지 않습니다.
d:\문서\github\flya-c-project-\flya\menu.c(92): warning C4996: 'strcpy': This function or variable may be unsafe. Consider using strcpy_s instead. To disable deprecation, use _CRT_SECURE_NO_WARNINGS. See online help for details.
  c:\program files (x86)\windows kits\10\include\10.0.10240.0\ucrt\string.h(119): note: 'strcpy' 선언을 참조하십시오.
d:\문서\github\flya-c-project-\flya\menu.c(112): warning C4996: 'strcpy': This function or variable may be unsafe. Consider using strcpy_s instead. To disable deprecation, use _CRT_SECURE_NO_WARNINGS. See online help for details.
  c:\program files (x86)\windows kits\10\include\10.0.10240.0\ucrt\string.h(119): note: 'strcpy' 선언을 참조하십시오.
d:\문서\github\flya-c-project-\flya\menu.c(117): warning C4996: 'strcpy': This function or variable may be unsafe. Consider using strcpy_s instead. To disable deprecation, use _CRT_SECURE_NO_WARNINGS. See online help for details.
  c:\program files (x86)\windows kits\10\include\10.0.10240.0\ucrt\string.h(119): note: 'strcpy' 선언을 참조하십시오.
d:\문서\github\flya-c-project-\flya\menu.c(120): warning C4996: 'strcpy': This function or variable may be unsafe. Consider using strcpy_s instead. To disable deprecation, use _CRT_SECURE_NO_WARNINGS. See online help for details.
  c:\program files (x86)\windows kits\10\include\10.0.10240.0\ucrt\string.h(119): note: 'strcpy' 선언을 참조하십시오.
d:\문서\github\flya-c-project-\flya\menu.c(138): warning C4996: 'strcpy': This function or variable may be unsafe. Consider using strcpy_s instead. To disable deprecation, use _CRT_SECURE_NO_WARNINGS. See online help for details.
  c:\program files (x86)\windows kits\10\include\10.0.10240.0\ucrt\string.h(119): note: 'strcpy' 선언을 참조하십시오.
d:\문서\github\flya-c-project-\flya\menu.c(139): warning C4996: 'strcat': This function or variable may be unsafe. Consider using strcat_s instead. To disable deprecation, use _CRT_SECURE_NO_WARNINGS. See online help for details.
  c:\program files (x86)\windows kits\10\include\10.0.10240.0\ucrt\string.h(90): note: 'strcat' 선언을 참조하십시오.
d:\문서\github\flya-c-project-\flya\menu.c(145): warning C4996: 'fopen': This function or variable may be unsafe. Consider using fopen_s instead. To disable deprecation, use _CRT_SECURE_NO_WARNINGS. See online help for details.
  c:\program files (x86)\windows kits\10\include\10.0.10240.0\ucrt\stdio.h(205): note: 'fopen' 선언을 참조하십시오.
d:\문서\github\flya-c-project-\flya\menu.c(148): warning C4996: 'strcpy': This function or variable may be unsafe. Consider using strcpy_s instead. To disable deprecation, use _CRT_SECURE_NO_WARNINGS. See online help for details.
  c:\program files (x86)\windows kits\10\include\10.0.10240.0\ucrt\string.h(119): note: 'strcpy' 선언을 참조하십시오.
d:\문서\github\flya-c-project-\flya\menu.c(157): warning C4996: 'strtok': This function or variable may be unsafe. Consider using strtok_s instead. To disable deprecation, use _CRT_SECURE_NO_WARNINGS. See online help for details.
  c:\program files (x86)\windows kits\10\include\10.0.10240.0\ucrt\string.h(453): note: 'strtok' 선언을 참조하십시오.
d:\문서\github\flya-c-project-\flya\menu.c(166): warning C4996: 'strtok': This function or variable may be unsafe. Consider using strtok_s instead. To disable deprecation, use _CRT_SECURE_NO_WARNINGS. See online help for details.
  c:\program files (x86)\windows kits\10\include\10.0.10240.0\ucrt\string.h(453): note: 'strtok' 선언을 참조하십시오.
d:\문서\github\flya-c-project-\flya\menu.c(167): warning C4996: 'strcpy': This function or variable may be unsafe. Consider using strcpy_s instead. To disable deprecation, use _CRT_SECURE_NO_WARNINGS. See online help for details.
  c:\program files (x86)\windows kits\10\include\10.0.10240.0\ucrt\string.h(119): note: 'strcpy' 선언을 참조하십시오.
d:\문서\github\flya-c-project-\flya\menu.c(172): warning C4996: 'strcpy': This function or variable may be unsafe. Consider using strcpy_s instead. To disable deprecation, use _CRT_SECURE_NO_WARNINGS. See online help for details.
  c:\program files (x86)\windows kits\10\include\10.0.10240.0\ucrt\string.h(119): note: 'strcpy' 선언을 참조하십시오.
  main.c
  코드를 생성하고 있습니다...
  FLYA.vcxproj -> D:\문서\GitHub\FLYA-C-Project-\FLYA\Debug\FLYA.exe
  FLYA.vcxproj -> D:\문서\GitHub\FLYA-C-Project-\FLYA\Debug\FLYA.pdb (Full PDB)
